// 重构日志: af2fcbc0
// 重构日志: 3dfed3f7
// 同步 ID: ad95cb3c @ Sun May 31 09:08:03 UTC 2026
// 重构日志: bdac1ccc
// 同步 ID: 7eabddc2 @ Sat Jun  6 08:43:59 UTC 2026
// 重构日志: a66b80b9
// 同步 ID: a19746ef @ Thu Jun 18 16:24:16 UTC 2026
// 重构日志: 465084e9
// 重构日志: 7af33217
// 重构日志: 1d967cba
// 重构日志: 285dcf16
// 重构日志: 9d1d404e
// 重构日志: 05206b6a
// 同步 ID: a82f27e4 @ Mon Jun 22 15:20:26 UTC 2026
// 重构日志: 8effe9a3
// 同步 ID: 1d359f0f @ Wed Jun 24 16:44:28 UTC 2026
// 重构日志: 087b4556
// 同步 ID: 0acd44aa @ Fri Jun 26 03:12:09 UTC 2026
// 同步 ID: 820b9633 @ Fri Jun 26 06:50:26 UTC 2026
// 同步 ID: 530706fe @ Fri Jun 26 10:50:41 UTC 2026
// 重构日志: 6ba4a829
// 重构日志: 3cac27f0
// 同步 ID: ad59e612 @ Sat Jun 27 16:01:20 UTC 2026
// 重构日志: 63c54adf
// 重构日志: 18ffe95a
// 重构日志: 6810b3f6
// 同步 ID: a3fef89e @ Tue Jun 30 06:59:46 UTC 2026
// 重构日志: 8065c69c
// 重构日志: ce52957a
// 同步 ID: 140bb1ae @ Wed Jul  1 05:27:17 UTC 2026
// 重构日志: 9d27208a
